Using pre-set license
Built from '2022.3/staging' branch; Version is '2022.3.10f1 (ff3792e53c62) revision 16725906'; Using compiler version '192829333'; Build Type 'Release'
OS: 'Windows 11  (10.0.22621) 64bit Professional' Language: 'ru' Physical Memory: 16258 MB
BatchMode: 1, IsHumanControllingUs: 0, StartBugReporterOnCrash: 0, Is64bit: 1, IsPro: 1

COMMAND LINE ARGUMENTS:
D:\UnityEditor\2022.3.10f1\Editor\Unity.exe
-adb2
-batchMode
-noUpm
-name
AssetImportWorker2
-projectPath
D:/My projects/feeting_room
-logFile
Logs/AssetImportWorker2.log
-srvPort
50153
Successfully changed project path to: D:/My projects/feeting_room
D:/My projects/feeting_room
[UnityMemory] Configuration Parameters - Can be set up in boot.config
    "memorysetup-bucket-allocator-granularity=16"
    "memorysetup-bucket-allocator-bucket-count=8"
    "memorysetup-bucket-allocator-block-size=33554432"
    "memorysetup-bucket-allocator-block-count=8"
    "memorysetup-main-allocator-block-size=16777216"
    "memorysetup-thread-allocator-block-size=16777216"
    "memorysetup-gfx-main-allocator-block-size=16777216"
    "memorysetup-gfx-thread-allocator-block-size=16777216"
    "memorysetup-cache-allocator-block-size=4194304"
    "memorysetup-typetree-allocator-block-size=2097152"
    "memorysetup-profiler-bucket-allocator-granularity=16"
    "memorysetup-profiler-bucket-allocator-bucket-count=8"
    "memorysetup-profiler-bucket-allocator-block-size=33554432"
    "memorysetup-profiler-bucket-allocator-block-count=8"
    "memorysetup-profiler-allocator-block-size=16777216"
    "memorysetup-profiler-editor-allocator-block-size=1048576"
    "memorysetup-temp-allocator-size-main=16777216"
    "memorysetup-job-temp-allocator-block-size=2097152"
    "memorysetup-job-temp-allocator-block-size-background=1048576"
    "memorysetup-job-temp-allocator-reduction-small-platforms=262144"
    "memorysetup-allocator-temp-initial-block-size-main=262144"
    "memorysetup-allocator-temp-initial-block-size-worker=262144"
    "memorysetup-temp-allocator-size-background-worker=32768"
    "memorysetup-temp-allocator-size-job-worker=262144"
    "memorysetup-temp-allocator-size-preload-manager=33554432"
    "memorysetup-temp-allocator-size-nav-mesh-worker=65536"
    "memorysetup-temp-allocator-size-audio-worker=65536"
    "memorysetup-temp-allocator-size-cloud-worker=32768"
    "memorysetup-temp-allocator-size-gi-baking-worker=262144"
    "memorysetup-temp-allocator-size-gfx=262144"
Player connection [5112] Host "[IP] 192.168.100.8 [Port] 0 [Flags] 2 [Guid] 496133022 [EditorId] 496133022 [Version] 1048832 [Id] WindowsEditor(7,MINI-DEVELOPER) [Debug] 1 [PackageName] WindowsEditor [ProjectName] Editor" joined multi-casting on [225.0.0.222:54997]...

Player connection [5112] Host "[IP] 192.168.100.8 [Port] 0 [Flags] 2 [Guid] 496133022 [EditorId] 496133022 [Version] 1048832 [Id] WindowsEditor(7,MINI-DEVELOPER) [Debug] 1 [PackageName] WindowsEditor [ProjectName] Editor" joined alternative multi-casting on [225.0.0.222:34997]...

[Physics::Module] Initialized MultithreadedJobDispatcher with 11 workers.
Refreshing native plugins compatible for Editor in 52.79 ms, found 14 plugins.
Preloading 2 native plugins for Editor in 6.37 ms.
Initialize engine version: 2022.3.10f1 (ff3792e53c62)
[Subsystems] Discovering subsystems at path D:/UnityEditor/2022.3.10f1/Editor/Data/Resources/UnitySubsystems
[Subsystems] Discovering subsystems at path D:/My projects/feeting_room/Assets
GfxDevice: creating device client; threaded=0; jobified=0
Direct3D:
    Version:  Direct3D 11.0 [level 11.1]
    Renderer: Intel(R) UHD Graphics 630 (ID=0x3e92)
    Vendor:   Intel
    VRAM:     8129 MB
    Driver:   26.20.100.7642
Initialize mono
Mono path[0] = 'D:/UnityEditor/2022.3.10f1/Editor/Data/Managed'
Mono path[1] = 'D:/UnityEditor/2022.3.10f1/Editor/Data/MonoBleedingEdge/lib/mono/unityjit-win32'
Mono config path = 'D:/UnityEditor/2022.3.10f1/Editor/Data/MonoBleedingEdge/etc'
Using monoOptions --debugger-agent=transport=dt_socket,embedding=1,server=y,suspend=n,address=127.0.0.1:56704
Begin MonoManager ReloadAssembly
Registering precompiled unity dll's ...
Register platform support module: D:/UnityEditor/2022.3.10f1/Editor/Data/PlaybackEngines/AndroidPlayer/UnityEditor.Android.Extensions.dll
Register platform support module: D:/UnityEditor/2022.3.10f1/Editor/Data/PlaybackEngines/WindowsStandaloneSupport/UnityEditor.WindowsStandalone.Extensions.dll
Registered in 0.006706 seconds.
- Loaded All Assemblies, in  0.802 seconds
Native extension for WindowsStandalone target not found
Native extension for Android target not found
Android Extension - Scanning For ADB Devices 681 ms
Mono: successfully reloaded assembly
- Finished resetting the current domain, in  1.294 seconds
Domain Reload Profiling: 2097ms
	BeginReloadAssembly (228ms)
		ExecutionOrderSort (0ms)
		DisableScriptedObjects (0ms)
		BackupInstance (0ms)
		ReleaseScriptingObjects (0ms)
		CreateAndSetChildDomain (2ms)
	RebuildCommonClasses (68ms)
	RebuildNativeTypeToScriptingClass (17ms)
	initialDomainReloadingComplete (100ms)
	LoadAllAssembliesAndSetupDomain (388ms)
		LoadAssemblies (228ms)
		RebuildTransferFunctionScriptingTraits (0ms)
		AnalyzeDomain (383ms)
			TypeCache.Refresh (380ms)
				TypeCache.ScanAssembly (338ms)
			ScanForSourceGeneratedMonoScriptInfo (1ms)
			ResolveRequiredComponents (1ms)
	FinalizeReload (1296ms)
		ReleaseScriptCaches (0ms)
		RebuildScriptCaches (0ms)
		SetupLoadedEditorAssemblies (1182ms)
			LogAssemblyErrors (0ms)
			InitializePlatformSupportModulesInManaged (894ms)
			SetLoadedEditorAssemblies (7ms)
			RefreshPlugins (0ms)
			BeforeProcessingInitializeOnLoad (3ms)
			ProcessInitializeOnLoadAttributes (208ms)
			ProcessInitializeOnLoadMethodAttributes (70ms)
			AfterProcessingInitializeOnLoad (0ms)
			EditorAssembliesLoaded (0ms)
		ExecutionOrderSort2 (0ms)
		AwakeInstancesAfterBackupRestoration (0ms)
========================================================================
Worker process is ready to serve import requests
Begin MonoManager ReloadAssembly
- Loaded All Assemblies, in  0.710 seconds
Refreshing native plugins compatible for Editor in 14.18 ms, found 14 plugins.
Native extension for WindowsStandalone target not found
Native extension for Android target not found
Package Manager log level set to [2]
[Package Manager] Server::EnsureServerProcessIsRunning -- launch failed, reason: Unity was launched with the -noUpm command-line argument
[Package Manager] UpmClient::Send -- Unable to send message (not connected to UPM process).
[Package Manager] Cannot connect to Unity Package Manager local server
[Package Manager] Server::EnsureServerProcessIsRunning -- launch failed, reason: Unity was launched with the -noUpm command-line argument
[Package Manager] UpmClient::Send -- Unable to send message (not connected to UPM process).
[Package Manager] Cannot connect to Unity Package Manager local server
Mono: successfully reloaded assembly
[Package Manager] Server::EnsureServerProcessIsRunning -- launch failed, reason: Unity was launched with the -noUpm command-line argument
[Package Manager] UpmClient::Send -- Unable to send message (not connected to UPM process).
[Package Manager] Cannot connect to Unity Package Manager local server
[Package Manager] Server::EnsureServerProcessIsRunning -- launch failed, reason: Unity was launched with the -noUpm command-line argument
[Package Manager] UpmClient::Send -- Unable to send message (not connected to UPM process).
[Package Manager] Cannot connect to Unity Package Manager local server
- Finished resetting the current domain, in  1.580 seconds
Domain Reload Profiling: 2289ms
	BeginReloadAssembly (149ms)
		ExecutionOrderSort (0ms)
		DisableScriptedObjects (5ms)
		BackupInstance (0ms)
		ReleaseScriptingObjects (0ms)
		CreateAndSetChildDomain (22ms)
	RebuildCommonClasses (34ms)
	RebuildNativeTypeToScriptingClass (10ms)
	initialDomainReloadingComplete (36ms)
	LoadAllAssembliesAndSetupDomain (480ms)
		LoadAssemblies (321ms)
		RebuildTransferFunctionScriptingTraits (0ms)
		AnalyzeDomain (247ms)
			TypeCache.Refresh (210ms)
				TypeCache.ScanAssembly (190ms)
			ScanForSourceGeneratedMonoScriptInfo (28ms)
			ResolveRequiredComponents (8ms)
	FinalizeReload (1581ms)
		ReleaseScriptCaches (0ms)
		RebuildScriptCaches (0ms)
		SetupLoadedEditorAssemblies (1360ms)
			LogAssemblyErrors (0ms)
			InitializePlatformSupportModulesInManaged (51ms)
			SetLoadedEditorAssemblies (36ms)
			RefreshPlugins (0ms)
			BeforeProcessingInitializeOnLoad (163ms)
			ProcessInitializeOnLoadAttributes (648ms)
			ProcessInitializeOnLoadMethodAttributes (459ms)
			AfterProcessingInitializeOnLoad (3ms)
			EditorAssembliesLoaded (1ms)
		ExecutionOrderSort2 (0ms)
		AwakeInstancesAfterBackupRestoration (17ms)
Launched and connected shader compiler UnityShaderCompiler.exe after 0.12 seconds
Refreshing native plugins compatible for Editor in 22.18 ms, found 14 plugins.
Preloading 2 native plugins for Editor in 0.09 ms.
Unloading 4688 Unused Serialized files (Serialized files now loaded: 0)
Unloading 136 unused Assets / (1.3 MB). Loaded Objects now: 5419.
Memory consumption went from 181.3 MB to 180.0 MB.
Total: 7.664000 ms (FindLiveObjects: 0.662300 ms CreateObjectMapping: 0.646900 ms MarkObjects: 5.224300 ms  DeleteObjects: 1.128800 ms)

AssetImportParameters requested are different than current active one (requested -> active):
  custom:container-demuxer-ogg: 62fdf1f143b41e24485cea50d1cbac27 -> 
  custom:video-decoder-ogg-theora: a1e56fd34408186e4bbccfd4996cb3dc -> 
  custom:framework-win-MediaFoundation: 216162199b28c13a410421893ffa2e32 -> 
  custom:CustomObjectIndexerAttribute: 756ad292c208cfabdd7b50bc23989ffe -> 
  custom:container-demuxer-webm: 4f35f7cbe854078d1ac9338744f61a02 -> 
  custom:container-muxer-webm: aa71ff27fc2769a1b78a27578f13a17b -> 
  custom:video-decoder-webm-vp8: 9c59270c3fd7afecdb556c50c9e8de78 -> 
  custom:SearchIndexIgnoredProperties: e643bd26f0fe6173181afceb89e7c659 -> 
  custom:AudioImporter_EditorPlatform: d09bf68614088b80899f8185d706f6e7 -> 
  custom:video-encoder-webm-vp8: eb34c28f22e8b96e1ab97ce403110664 -> 
  custom:audio-decoder-ogg-vorbis: bf7c407c2cedff20999df2af8eb42d56 -> 
  custom:audio-encoder-webm-vorbis: bf7c407c2cedff20999df2af8eb42d56 -> 
========================================================================
Received Import Request.
  Time since last request: 440309.803160 seconds.
  path: Assets/TextMesh Pro/Shaders/TMP_Bitmap.shader
  artifactKey: Guid(128e987d567d4e2c824d754223b3f3b0) Importer(2089858483,0ecaa5967403d082aa24f35e1b516d23)
Start importing Assets/TextMesh Pro/Shaders/TMP_Bitmap.shader using Guid(128e987d567d4e2c824d754223b3f3b0) Importer(2089858483,0ecaa5967403d082aa24f35e1b516d23)  -> (artifact id: 'a49534a8d78163723f80ed01f0616b34') in 0.110283 seconds
Number of updated asset objects reloaded before import = 0
Number of asset objects unloaded after import = 1
========================================================================
Received Import Request.
  Time since last request: 0.000033 seconds.
  path: Assets/TextMesh Pro/Resources/LineBreaking Leading Characters.txt
  artifactKey: Guid(d82c1b31c7e74239bff1220585707d2b) Importer(2089858483,0ecaa5967403d082aa24f35e1b516d23)
Start importing Assets/TextMesh Pro/Resources/LineBreaking Leading Characters.txt using Guid(d82c1b31c7e74239bff1220585707d2b) Importer(2089858483,0ecaa5967403d082aa24f35e1b516d23)  -> (artifact id: '05302672e0ec10cfe7937245c6d9e9d8') in 0.009309 seconds
Number of updated asset objects reloaded before import = 0
Number of asset objects unloaded after import = 1
========================================================================
Received Import Request.
  Time since last request: 0.000074 seconds.
  path: Assets/Editor/Migration/AddVuforiaEnginePackage.cs
  artifactKey: Guid(3bbef22eb814a9647b6c1f03e99d95da) Importer(2089858483,0ecaa5967403d082aa24f35e1b516d23)
Start importing Assets/Editor/Migration/AddVuforiaEnginePackage.cs using Guid(3bbef22eb814a9647b6c1f03e99d95da) Importer(2089858483,0ecaa5967403d082aa24f35e1b516d23)  -> (artifact id: '4e4945ea4f99fd875715e375b7e2e5ec') in 0.016065 seconds
Number of updated asset objects reloaded before import = 0
Number of asset objects unloaded after import = 1
========================================================================
Received Import Request.
  Time since last request: 0.000024 seconds.
  path: Assets/TextMesh Pro/Shaders/TMPro_Mobile.cginc
  artifactKey: Guid(c334973cef89a9840b0b0c507e0377ab) Importer(2089858483,0ecaa5967403d082aa24f35e1b516d23)
Start importing Assets/TextMesh Pro/Shaders/TMPro_Mobile.cginc using Guid(c334973cef89a9840b0b0c507e0377ab) Importer(2089858483,0ecaa5967403d082aa24f35e1b516d23)  -> (artifact id: '5b79ad57853255fe0e027370bd9a0ac9') in 0.006016 seconds
Number of updated asset objects reloaded before import = 0
Number of asset objects unloaded after import = 1
========================================================================
Received Import Request.
  Time since last request: 0.000062 seconds.
  path: Assets/3dmodels/21.fbx
  artifactKey: Guid(d77282ad1711d5c45aa08fc98d5e954e) Importer(2089858483,0ecaa5967403d082aa24f35e1b516d23)
Start importing Assets/3dmodels/21.fbx using Guid(d77282ad1711d5c45aa08fc98d5e954e) Importer(2089858483,0ecaa5967403d082aa24f35e1b516d23)  -> (artifact id: '5edb75598e0101b962c4c01f829dc2f8') in 0.132715 seconds
Number of updated asset objects reloaded before import = 0
Number of asset objects unloaded after import = 123
========================================================================
Received Import Request.
  Time since last request: 0.000117 seconds.
  path: Assets/TextMesh Pro/Sprites/EmojiOne.json
  artifactKey: Guid(8f05276190cf498a8153f6cbe761d4e6) Importer(2089858483,0ecaa5967403d082aa24f35e1b516d23)
Start importing Assets/TextMesh Pro/Sprites/EmojiOne.json using Guid(8f05276190cf498a8153f6cbe761d4e6) Importer(2089858483,0ecaa5967403d082aa24f35e1b516d23)  -> (artifact id: 'e29a0b0de0af872185a181dc677f3ea7') in 0.005622 seconds
Number of updated asset objects reloaded before import = 0
Number of asset objects unloaded after import = 1
========================================================================
Received Import Request.
  Time since last request: 0.000026 seconds.
  path: Assets/3dmodels/t-shirrrrt.fbx
  artifactKey: Guid(5fef209eaea7fe5449ee9c1595c33c7b) Importer(2089858483,0ecaa5967403d082aa24f35e1b516d23)
Start importing Assets/3dmodels/t-shirrrrt.fbx using Guid(5fef209eaea7fe5449ee9c1595c33c7b) Importer(2089858483,0ecaa5967403d082aa24f35e1b516d23)  -> (artifact id: '1204cb8119e6c7ba8fa5bc8690990bb3') in 0.074818 seconds
Number of updated asset objects reloaded before import = 0
Number of asset objects unloaded after import = 76
========================================================================
Received Import Request.
  Time since last request: 0.000027 seconds.
  path: Assets/TextMesh Pro/Resources/TMP Settings.asset
  artifactKey: Guid(3f5b5dff67a942289a9defa416b206f3) Importer(2089858483,0ecaa5967403d082aa24f35e1b516d23)
Start importing Assets/TextMesh Pro/Resources/TMP Settings.asset using Guid(3f5b5dff67a942289a9defa416b206f3) Importer(2089858483,0ecaa5967403d082aa24f35e1b516d23)  -> (artifact id: '6263faf01bf0fbdd5127ee1abca61270') in 0.104786 seconds
Number of updated asset objects reloaded before import = 0
Number of asset objects unloaded after import = 15
========================================================================
Received Import Request.
  Time since last request: 0.000032 seconds.
  path: Assets/TextMesh Pro/Resources/Fonts & Materials/LiberationSans SDF - Fallback.asset
  artifactKey: Guid(2e498d1c8094910479dc3e1b768306a4) Importer(2089858483,0ecaa5967403d082aa24f35e1b516d23)
Start importing Assets/TextMesh Pro/Resources/Fonts & Materials/LiberationSans SDF - Fallback.asset using Guid(2e498d1c8094910479dc3e1b768306a4) Importer(2089858483,0ecaa5967403d082aa24f35e1b516d23)  -> (artifact id: 'ef523205cb562ab6c937cd6c2a3613e8') in 0.052580 seconds
Number of updated asset objects reloaded before import = 0
Number of asset objects unloaded after import = 5
========================================================================
Received Import Request.
  Time since last request: 0.000016 seconds.
  path: Assets/scripts/test.cs
  artifactKey: Guid(c89332b71aa43e745bc9b06401ca2dae) Importer(2089858483,0ecaa5967403d082aa24f35e1b516d23)
Start importing Assets/scripts/test.cs using Guid(c89332b71aa43e745bc9b06401ca2dae) Importer(2089858483,0ecaa5967403d082aa24f35e1b516d23)  -> (artifact id: '78f4c986e276d7a33665062c7df41b3e') in 0.007703 seconds
Number of updated asset objects reloaded before import = 0
Number of asset objects unloaded after import = 1
========================================================================
Received Import Request.
  Time since last request: 0.000043 seconds.
  path: Assets/markers/car.jpg
  artifactKey: Guid(d58d489d0f31ab841af40ce40694f6f6) Importer(2089858483,0ecaa5967403d082aa24f35e1b516d23)
Start importing Assets/markers/car.jpg using Guid(d58d489d0f31ab841af40ce40694f6f6) Importer(2089858483,0ecaa5967403d082aa24f35e1b516d23)  -> (artifact id: '0609841a2be3797c2f0dee27c1d169db') in 0.088343 seconds
Number of updated asset objects reloaded before import = 0
Number of asset objects unloaded after import = 1
========================================================================
Received Import Request.
  Time since last request: 0.000033 seconds.
  path: Assets/XR/Settings/ARKitSettings.asset
  artifactKey: Guid(10b53af0a590ed3439eaaef668ab7e7c) Importer(2089858483,0ecaa5967403d082aa24f35e1b516d23)
Start importing Assets/XR/Settings/ARKitSettings.asset using Guid(10b53af0a590ed3439eaaef668ab7e7c) Importer(2089858483,0ecaa5967403d082aa24f35e1b516d23)  -> (artifact id: '17b4051041ba869a703daa934c8bf2fe') in 0.011090 seconds
Number of updated asset objects reloaded before import = 0
Number of asset objects unloaded after import = 1
========================================================================
Received Import Request.
  Time since last request: 0.000020 seconds.
  path: Assets/TextMesh Pro/Shaders/TMP_Bitmap-Custom-Atlas.shader
  artifactKey: Guid(48bb5f55d8670e349b6e614913f9d910) Importer(2089858483,0ecaa5967403d082aa24f35e1b516d23)
Start importing Assets/TextMesh Pro/Shaders/TMP_Bitmap-Custom-Atlas.shader using Guid(48bb5f55d8670e349b6e614913f9d910) Importer(2089858483,0ecaa5967403d082aa24f35e1b516d23)  -> (artifact id: '1bec59a840bf840aebf6565642106c60') in 0.009206 seconds
Number of updated asset objects reloaded before import = 0
Number of asset objects unloaded after import = 1
========================================================================
Received Import Request.
  Time since last request: 0.000023 seconds.
  path: Assets/XR/Resources/XRSimulationRuntimeSettings.asset
  artifactKey: Guid(164e73b1b3fcfc84996641276076d4fe) Importer(2089858483,0ecaa5967403d082aa24f35e1b516d23)
Start importing Assets/XR/Resources/XRSimulationRuntimeSettings.asset using Guid(164e73b1b3fcfc84996641276076d4fe) Importer(2089858483,0ecaa5967403d082aa24f35e1b516d23)  -> (artifact id: '910c61834871f36d63f4ed1e42d18e57') in 0.018644 seconds
Number of updated asset objects reloaded before import = 0
Number of asset objects unloaded after import = 1
========================================================================
Received Import Request.
  Time since last request: 0.000014 seconds.
  path: Assets/3dmodels/1.fbx
  artifactKey: Guid(02a220ee6c76c0f42a5d5b970e988426) Importer(2089858483,0ecaa5967403d082aa24f35e1b516d23)
Start importing Assets/3dmodels/1.fbx using Guid(02a220ee6c76c0f42a5d5b970e988426) Importer(2089858483,0ecaa5967403d082aa24f35e1b516d23)  -> (artifact id: 'e6b03704f777fb3816589806060b65d8') in 0.074770 seconds
Number of updated asset objects reloaded before import = 0
Number of asset objects unloaded after import = 125
========================================================================
Received Import Request.
  Time since last request: 0.000029 seconds.
  path: Assets/markers/ea7-emporio-armani-vector-logo-11574255108q81bsrrcve.png
  artifactKey: Guid(318a8c2ed7cca9d438b99153211d71e9) Importer(2089858483,0ecaa5967403d082aa24f35e1b516d23)
Start importing Assets/markers/ea7-emporio-armani-vector-logo-11574255108q81bsrrcve.png using Guid(318a8c2ed7cca9d438b99153211d71e9) Importer(2089858483,0ecaa5967403d082aa24f35e1b516d23)  -> (artifact id: '4f561ab3298c234f8f88f751b8fad09d') in 0.038561 seconds
Number of updated asset objects reloaded before import = 0
Number of asset objects unloaded after import = 1
========================================================================
Received Import Request.
  Time since last request: 0.000059 seconds.
  path: Assets/StreamingAssets/Vuforia/FeetingRoom.dat
  artifactKey: Guid(5cc73f4240254195ae26d91cd78cbc4d) Importer(2089858483,0ecaa5967403d082aa24f35e1b516d23)
Start importing Assets/StreamingAssets/Vuforia/FeetingRoom.dat using Guid(5cc73f4240254195ae26d91cd78cbc4d) Importer(2089858483,0ecaa5967403d082aa24f35e1b516d23)  -> (artifact id: '6e4e3c19825ec70ff7de7ff029159f9b') in 0.006664 seconds
Number of updated asset objects reloaded before import = 0
Number of asset objects unloaded after import = 1
========================================================================
Received Import Request.
  Time since last request: 0.000016 seconds.
  path: Assets/TextMesh Pro/Resources/Style Sheets/Default Style Sheet.asset
  artifactKey: Guid(f952c082cb03451daed3ee968ac6c63e) Importer(2089858483,0ecaa5967403d082aa24f35e1b516d23)
Start importing Assets/TextMesh Pro/Resources/Style Sheets/Default Style Sheet.asset using Guid(f952c082cb03451daed3ee968ac6c63e) Importer(2089858483,0ecaa5967403d082aa24f35e1b516d23)  -> (artifact id: 'cea7660d0e1b91d21ae7830da9ec2c1a') in 0.004664 seconds
Number of updated asset objects reloaded before import = 0
Number of asset objects unloaded after import = 1
========================================================================
Received Import Request.
  Time since last request: 0.000106 seconds.
  path: Assets/Editor/Vuforia/ImageTargetTextures/FeetingRoom/bmv_scaled.jpg
  artifactKey: Guid(f8f8061cd23149edaf3c039b9a262df0) Importer(2089858483,0ecaa5967403d082aa24f35e1b516d23)
Start importing Assets/Editor/Vuforia/ImageTargetTextures/FeetingRoom/bmv_scaled.jpg using Guid(f8f8061cd23149edaf3c039b9a262df0) Importer(2089858483,0ecaa5967403d082aa24f35e1b516d23)  -> (artifact id: 'de9b8b4c6c79ddb62e2ed738e477a6a9') in 0.037087 seconds
Number of updated asset objects reloaded before import = 0
Number of asset objects unloaded after import = 1
========================================================================
Received Import Request.
  Time since last request: 0.000101 seconds.
  path: Assets/New Material.mat
  artifactKey: Guid(a5c78f28d92fc21408c75bf2974f8520) Importer(2089858483,0ecaa5967403d082aa24f35e1b516d23)
Start importing Assets/New Material.mat using Guid(a5c78f28d92fc21408c75bf2974f8520) Importer(2089858483,0ecaa5967403d082aa24f35e1b516d23)  -> (artifact id: 'da46ab5327040c54fd69c5173aaa0e72') in 0.016364 seconds
Number of updated asset objects reloaded before import = 0
Number of asset objects unloaded after import = 1
========================================================================
Received Import Request.
  Time since last request: 0.000024 seconds.
  path: Assets/Scenes/SampleScene.unity
  artifactKey: Guid(9fc0d4010bbf28b4594072e72b8655ab) Importer(2089858483,0ecaa5967403d082aa24f35e1b516d23)
Start importing Assets/Scenes/SampleScene.unity using Guid(9fc0d4010bbf28b4594072e72b8655ab) Importer(2089858483,0ecaa5967403d082aa24f35e1b516d23)  -> (artifact id: 'f447611088ddd84dc27d4abc7dda6de4') in 0.013172 seconds
Number of updated asset objects reloaded before import = 0
Number of asset objects unloaded after import = 1
========================================================================
Received Import Request.
  Time since last request: 0.000023 seconds.
  path: Assets/TextMesh Pro/Shaders/TMP_SDF-Surface.shader
  artifactKey: Guid(f7ada0af4f174f0694ca6a487b8f543d) Importer(2089858483,0ecaa5967403d082aa24f35e1b516d23)
Start importing Assets/TextMesh Pro/Shaders/TMP_SDF-Surface.shader using Guid(f7ada0af4f174f0694ca6a487b8f543d) Importer(2089858483,0ecaa5967403d082aa24f35e1b516d23)  -> (artifact id: 'eb4588690011e663229768b03d9c7200') in 0.024860 seconds
Number of updated asset objects reloaded before import = 0
Number of asset objects unloaded after import = 1
========================================================================
Received Import Request.
  Time since last request: 0.000044 seconds.
  path: Assets/TextMesh Pro/Documentation/TextMesh Pro User Guide 2016.pdf
  artifactKey: Guid(1b8d251f9af63b746bf2f7ffe00ebb9b) Importer(2089858483,0ecaa5967403d082aa24f35e1b516d23)
Start importing Assets/TextMesh Pro/Documentation/TextMesh Pro User Guide 2016.pdf using Guid(1b8d251f9af63b746bf2f7ffe00ebb9b) Importer(2089858483,0ecaa5967403d082aa24f35e1b516d23)  -> (artifact id: '053573a6b34da3cbae94cdc2842e7907') in 0.007109 seconds
Number of updated asset objects reloaded before import = 0
Number of asset objects unloaded after import = 1
========================================================================
Received Import Request.
  Time since last request: 0.000024 seconds.
  path: Assets/TextMesh Pro/Shaders/TMPro_Properties.cginc
  artifactKey: Guid(3997e2241185407d80309a82f9148466) Importer(2089858483,0ecaa5967403d082aa24f35e1b516d23)
Start importing Assets/TextMesh Pro/Shaders/TMPro_Properties.cginc using Guid(3997e2241185407d80309a82f9148466) Importer(2089858483,0ecaa5967403d082aa24f35e1b516d23)  -> (artifact id: 'b9d899d3af659fe46fe2f8c81229f2bd') in 0.009104 seconds
Number of updated asset objects reloaded before import = 0
Number of asset objects unloaded after import = 1
========================================================================
Received Import Request.
  Time since last request: 0.000024 seconds.
  path: Assets/StreamingAssets/Vuforia/FeetingRoom.xml
  artifactKey: Guid(cc5a3e5cd8f648b79ab8473c0c90ec00) Importer(2089858483,0ecaa5967403d082aa24f35e1b516d23)
Start importing Assets/StreamingAssets/Vuforia/FeetingRoom.xml using Guid(cc5a3e5cd8f648b79ab8473c0c90ec00) Importer(2089858483,0ecaa5967403d082aa24f35e1b516d23)  -> (artifact id: '4e917f4a92d283cd05319f368e896d9d') in 0.004431 seconds
Number of updated asset objects reloaded before import = 0
Number of asset objects unloaded after import = 1
========================================================================
Received Import Request.
  Time since last request: 0.000023 seconds.
  path: Assets/TextMesh Pro/Fonts/LiberationSans - OFL.txt
  artifactKey: Guid(6e59c59b81ab47f9b6ec5781fa725d2c) Importer(2089858483,0ecaa5967403d082aa24f35e1b516d23)
Start importing Assets/TextMesh Pro/Fonts/LiberationSans - OFL.txt using Guid(6e59c59b81ab47f9b6ec5781fa725d2c) Importer(2089858483,0ecaa5967403d082aa24f35e1b516d23)  -> (artifact id: 'f97479f20a1f16b586f922efeb44ca20') in 0.011360 seconds
Number of updated asset objects reloaded before import = 0
Number of asset objects unloaded after import = 1
========================================================================
Received Import Request.
  Time since last request: 0.000033 seconds.
  path: Assets/TextMesh Pro/Shaders/TMP_SDF.shader
  artifactKey: Guid(68e6db2ebdc24f95958faec2be5558d6) Importer(2089858483,0ecaa5967403d082aa24f35e1b516d23)
Start importing Assets/TextMesh Pro/Shaders/TMP_SDF.shader using Guid(68e6db2ebdc24f95958faec2be5558d6) Importer(2089858483,0ecaa5967403d082aa24f35e1b516d23)  -> (artifact id: '1028f6399f01b76e0b6cc4e5fc024c83') in 0.012088 seconds
Number of updated asset objects reloaded before import = 0
Number of asset objects unloaded after import = 1
========================================================================
Received Import Request.
  Time since last request: 0.000032 seconds.
  path: Assets/XR/UserSimulationSettings/SimulationEnvironmentAssetsManager.asset
  artifactKey: Guid(f32da3ae94ab7164d883136886f66bf9) Importer(2089858483,0ecaa5967403d082aa24f35e1b516d23)
Start importing Assets/XR/UserSimulationSettings/SimulationEnvironmentAssetsManager.asset using Guid(f32da3ae94ab7164d883136886f66bf9) Importer(2089858483,0ecaa5967403d082aa24f35e1b516d23)  -> (artifact id: '124d3062106d4a6b90725c52973f12db') in 0.008774 seconds
Number of updated asset objects reloaded before import = 0
Number of asset objects unloaded after import = 1
========================================================================
Received Import Request.
  Time since last request: 0.000018 seconds.
  path: Assets/TextMesh Pro/Shaders/TMP_SDF-Surface-Mobile.shader
  artifactKey: Guid(85187c2149c549c5b33f0cdb02836b17) Importer(2089858483,0ecaa5967403d082aa24f35e1b516d23)
Start importing Assets/TextMesh Pro/Shaders/TMP_SDF-Surface-Mobile.shader using Guid(85187c2149c549c5b33f0cdb02836b17) Importer(2089858483,0ecaa5967403d082aa24f35e1b516d23)  -> (artifact id: 'ed330732bfb104f7f5b39e9c2442a0f7') in 0.016819 seconds
Number of updated asset objects reloaded before import = 0
Number of asset objects unloaded after import = 1
========================================================================
Received Import Request.
  Time since last request: 0.000060 seconds.
  path: Assets/TextMesh Pro/Resources/Fonts & Materials/LiberationSans SDF - Outline.mat
  artifactKey: Guid(79459efec17a4d00a321bdcc27bbc385) Importer(2089858483,0ecaa5967403d082aa24f35e1b516d23)
Start importing Assets/TextMesh Pro/Resources/Fonts & Materials/LiberationSans SDF - Outline.mat using Guid(79459efec17a4d00a321bdcc27bbc385) Importer(2089858483,0ecaa5967403d082aa24f35e1b516d23)  -> (artifact id: 'c3e0c88ae5af3d3f8c97f8c5719b2687') in 0.039753 seconds
Number of updated asset objects reloaded before import = 0
Number of asset objects unloaded after import = 2
========================================================================
Received Import Request.
  Time since last request: 0.000032 seconds.
  path: Assets/TextMesh Pro/Shaders/TMPro_Surface.cginc
  artifactKey: Guid(d930090c0cd643c7b55f19a38538c162) Importer(2089858483,0ecaa5967403d082aa24f35e1b516d23)
Start importing Assets/TextMesh Pro/Shaders/TMPro_Surface.cginc using Guid(d930090c0cd643c7b55f19a38538c162) Importer(2089858483,0ecaa5967403d082aa24f35e1b516d23)  -> (artifact id: 'bdef7e6c744bb8c8681850f9f443d89f') in 0.011007 seconds
Number of updated asset objects reloaded before import = 0
Number of asset objects unloaded after import = 1
========================================================================
Received Import Request.
  Time since last request: 0.000454 seconds.
  path: Assets/XR/Loaders/OpenXRLoader.asset
  artifactKey: Guid(a3df7c91c826558459d8e5f31cf0d1ac) Importer(2089858483,0ecaa5967403d082aa24f35e1b516d23)
Start importing Assets/XR/Loaders/OpenXRLoader.asset using Guid(a3df7c91c826558459d8e5f31cf0d1ac) Importer(2089858483,0ecaa5967403d082aa24f35e1b516d23)  -> (artifact id: 'aa7594bfc00b0aa7c193cd3a163e91ce') in 0.018364 seconds
Number of updated asset objects reloaded before import = 0
Number of asset objects unloaded after import = 1
========================================================================
Received Import Request.
  Time since last request: 0.000023 seconds.
  path: Assets/TextMesh Pro/Fonts/LiberationSans.ttf
  artifactKey: Guid(e3265ab4bf004d28a9537516768c1c75) Importer(2089858483,0ecaa5967403d082aa24f35e1b516d23)
Start importing Assets/TextMesh Pro/Fonts/LiberationSans.ttf using Guid(e3265ab4bf004d28a9537516768c1c75) Importer(2089858483,0ecaa5967403d082aa24f35e1b516d23)  -> (artifact id: '33d8621052568411b1ad4a3ccd6ea039') in 0.031084 seconds
Number of updated asset objects reloaded before import = 0
Number of asset objects unloaded after import = 3
========================================================================
Received Import Request.
  Time since last request: 205.834153 seconds.
  path: Assets/_BasicFaceFilter/Animations/Cubes.anim
  artifactKey: Guid(81e2addbfb798e345a82b58543e4d15f) Importer(2089858483,0ecaa5967403d082aa24f35e1b516d23)
Start importing Assets/_BasicFaceFilter/Animations/Cubes.anim using Guid(81e2addbfb798e345a82b58543e4d15f) Importer(2089858483,0ecaa5967403d082aa24f35e1b516d23)  -> (artifact id: '02b0a457015654d058d89f21b53ba57b') in 0.016361 seconds
Number of updated asset objects reloaded before import = 0
Number of asset objects unloaded after import = 1
========================================================================
Received Import Request.
  Time since last request: 0.000025 seconds.
  path: Assets/_BasicFaceFilter/Animations/MoustacheAnimation.anim
  artifactKey: Guid(507c70f84291bfb4c883ad7ad4ac6334) Importer(2089858483,0ecaa5967403d082aa24f35e1b516d23)
Start importing Assets/_BasicFaceFilter/Animations/MoustacheAnimation.anim using Guid(507c70f84291bfb4c883ad7ad4ac6334) Importer(2089858483,0ecaa5967403d082aa24f35e1b516d23)  -> (artifact id: 'f4743148f288fdd3e7006adbcea9a3b9') in 0.005033 seconds
Number of updated asset objects reloaded before import = 0
Number of asset objects unloaded after import = 1
========================================================================
Received Import Request.
  Time since last request: 0.000023 seconds.
  path: Assets/_BasicFaceFilter/Textures/FaceTexture_Geometrical.png
  artifactKey: Guid(f2589c9f0c873034992741dab405ed67) Importer(2089858483,0ecaa5967403d082aa24f35e1b516d23)
Start importing Assets/_BasicFaceFilter/Textures/FaceTexture_Geometrical.png using Guid(f2589c9f0c873034992741dab405ed67) Importer(2089858483,0ecaa5967403d082aa24f35e1b516d23)  -> (artifact id: '55ed8149da2b13fddc87b6f20200ce75') in 0.081770 seconds
Number of updated asset objects reloaded before import = 0
Number of asset objects unloaded after import = 3
========================================================================
Received Import Request.
  Time since last request: 0.000036 seconds.
  path: Assets/_BasicFaceFilter/Textures/FaceTexture_MakeUp.png
  artifactKey: Guid(2e750d0bcb9cb264985b4c6a71406867) Importer(2089858483,0ecaa5967403d082aa24f35e1b516d23)
Start importing Assets/_BasicFaceFilter/Textures/FaceTexture_MakeUp.png using Guid(2e750d0bcb9cb264985b4c6a71406867) Importer(2089858483,0ecaa5967403d082aa24f35e1b516d23)  -> (artifact id: '44a0728b47aac09f160368f4a686304e') in 0.067009 seconds
Number of updated asset objects reloaded before import = 0
Number of asset objects unloaded after import = 3
========================================================================
Received Import Request.
  Time since last request: 0.000087 seconds.
  path: Assets/_BasicFaceFilter/Particle Effects/MagicEyes_VFX.prefab
  artifactKey: Guid(3147d486fbcd2a241a70d02eb467ee49) Importer(2089858483,0ecaa5967403d082aa24f35e1b516d23)
Start importing Assets/_BasicFaceFilter/Particle Effects/MagicEyes_VFX.prefab using Guid(3147d486fbcd2a241a70d02eb467ee49) Importer(2089858483,0ecaa5967403d082aa24f35e1b516d23)  -> (artifact id: '75aca56970ad373f3c0e6417509a7d0e') in 0.018088 seconds
Number of updated asset objects reloaded before import = 0
Number of asset objects unloaded after import = 20
========================================================================
Received Import Request.
  Time since last request: 0.000114 seconds.
  path: Assets/_BasicFaceFilter/Animations/Props_CatNose.controller
  artifactKey: Guid(9908c269b959d214994d5316440d20ad) Importer(2089858483,0ecaa5967403d082aa24f35e1b516d23)
Start importing Assets/_BasicFaceFilter/Animations/Props_CatNose.controller using Guid(9908c269b959d214994d5316440d20ad) Importer(2089858483,0ecaa5967403d082aa24f35e1b516d23)  -> (artifact id: 'ab2533f40eba8bfed99a2a1f4024540f') in 0.009359 seconds
Number of updated asset objects reloaded before import = 0
Number of asset objects unloaded after import = 4
========================================================================
Received Import Request.
  Time since last request: 0.000058 seconds.
  path: Assets/_BasicFaceFilter/Textures/star_particle.png
  artifactKey: Guid(8f637c0e1a0270447aa04746d128e04b) Importer(2089858483,0ecaa5967403d082aa24f35e1b516d23)
Start importing Assets/_BasicFaceFilter/Textures/star_particle.png using Guid(8f637c0e1a0270447aa04746d128e04b) Importer(2089858483,0ecaa5967403d082aa24f35e1b516d23)  -> (artifact id: 'a33f9c38e823043822ab0a4bf5554684') in 0.027572 seconds
Number of updated asset objects reloaded before import = 0
Number of asset objects unloaded after import = 1
========================================================================
Received Import Request.
  Time since last request: 0.000065 seconds.
  path: Assets/_BasicFaceFilter/Materials/Flame2_Particle.mat
  artifactKey: Guid(c4bfa10a32e160749933d1aa8ab0bf5a) Importer(2089858483,0ecaa5967403d082aa24f35e1b516d23)
Start importing Assets/_BasicFaceFilter/Materials/Flame2_Particle.mat using Guid(c4bfa10a32e160749933d1aa8ab0bf5a) Importer(2089858483,0ecaa5967403d082aa24f35e1b516d23)  -> (artifact id: '44a3c6a1c50242738870607524ba1d51') in 0.006794 seconds
Number of updated asset objects reloaded before import = 0
Number of asset objects unloaded after import = 1
========================================================================
Received Import Request.
  Time since last request: 0.000019 seconds.
  path: Assets/_BasicFaceFilter/Animations/CapAnimation.anim
  artifactKey: Guid(7e9067db1ab59bf45babde0e6fc01f61) Importer(2089858483,0ecaa5967403d082aa24f35e1b516d23)
Start importing Assets/_BasicFaceFilter/Animations/CapAnimation.anim using Guid(7e9067db1ab59bf45babde0e6fc01f61) Importer(2089858483,0ecaa5967403d082aa24f35e1b516d23)  -> (artifact id: 'ba0b3455847ae836f6c7febcd23cf110') in 0.012153 seconds
Number of updated asset objects reloaded before import = 0
Number of asset objects unloaded after import = 1
========================================================================
Received Import Request.
  Time since last request: 0.000023 seconds.
  path: Assets/_BasicFaceFilter/Textures/WispySmoke_8x8.tga
  artifactKey: Guid(daf2cb1e450b4324181ed5c5723edae3) Importer(2089858483,0ecaa5967403d082aa24f35e1b516d23)
Start importing Assets/_BasicFaceFilter/Textures/WispySmoke_8x8.tga using Guid(daf2cb1e450b4324181ed5c5723edae3) Importer(2089858483,0ecaa5967403d082aa24f35e1b516d23)  -> (artifact id: '968086a17af771b251133efe233f6d12') in 0.032681 seconds
Number of updated asset objects reloaded before import = 0
Number of asset objects unloaded after import = 1
========================================================================
Received Import Request.
  Time since last request: 0.000031 seconds.
  path: Assets/_BasicFaceFilter/Textures/canonical_face_texture.png
  artifactKey: Guid(4dd1f97dbb23dfc488dc77a09c7e4803) Importer(2089858483,0ecaa5967403d082aa24f35e1b516d23)
Start importing Assets/_BasicFaceFilter/Textures/canonical_face_texture.png using Guid(4dd1f97dbb23dfc488dc77a09c7e4803) Importer(2089858483,0ecaa5967403d082aa24f35e1b516d23)  -> (artifact id: '1c10636410670de6a1c0b3ff6a35583e') in 0.082917 seconds
Number of updated asset objects reloaded before import = 0
Number of asset objects unloaded after import = 1
========================================================================
Received Import Request.
  Time since last request: 0.000034 seconds.
  path: Assets/_BasicFaceFilter/Particle Effects/Steam_VFX.prefab
  artifactKey: Guid(f04cdeaaa80365048987028f2374f4cf) Importer(2089858483,0ecaa5967403d082aa24f35e1b516d23)
Start importing Assets/_BasicFaceFilter/Particle Effects/Steam_VFX.prefab using Guid(f04cdeaaa80365048987028f2374f4cf) Importer(2089858483,0ecaa5967403d082aa24f35e1b516d23)  -> (artifact id: '1bdd1a7ab2b4f33ea206b1fc0ff7d408') in 0.014669 seconds
Number of updated asset objects reloaded before import = 0
Number of asset objects unloaded after import = 20
========================================================================
Received Import Request.
  Time since last request: 0.000053 seconds.
  path: Assets/_BasicFaceFilter/Textures/FaceTexture_MakeUpWings.png
  artifactKey: Guid(6de0d6871d96b41489c0b8c2b00dfc27) Importer(2089858483,0ecaa5967403d082aa24f35e1b516d23)
Start importing Assets/_BasicFaceFilter/Textures/FaceTexture_MakeUpWings.png using Guid(6de0d6871d96b41489c0b8c2b00dfc27) Importer(2089858483,0ecaa5967403d082aa24f35e1b516d23)  -> (artifact id: '3a4eef712baa6662d00bafe9d48d2f33') in 0.052192 seconds
Number of updated asset objects reloaded before import = 0
Number of asset objects unloaded after import = 3
========================================================================
Received Import Request.
  Time since last request: 0.000052 seconds.
  path: Assets/_BasicFaceFilter/Animations/Props_Horns.controller
  artifactKey: Guid(0bee233353e1ca04c8254d877563dab0) Importer(2089858483,0ecaa5967403d082aa24f35e1b516d23)
Start importing Assets/_BasicFaceFilter/Animations/Props_Horns.controller using Guid(0bee233353e1ca04c8254d877563dab0) Importer(2089858483,0ecaa5967403d082aa24f35e1b516d23)  -> (artifact id: '2afdcf4d1a3c9acfaf325e34771ffdc0') in 0.009355 seconds
Number of updated asset objects reloaded before import = 0
Number of asset objects unloaded after import = 4
========================================================================
Received Import Request.
  Time since last request: 0.000112 seconds.
  path: Assets/_BasicFaceFilter/Materials/Star_Particle.mat
  artifactKey: Guid(a115bbd745b7bca4c84cbce25ee53f79) Importer(2089858483,0ecaa5967403d082aa24f35e1b516d23)
Start importing Assets/_BasicFaceFilter/Materials/Star_Particle.mat using Guid(a115bbd745b7bca4c84cbce25ee53f79) Importer(2089858483,0ecaa5967403d082aa24f35e1b516d23)  -> (artifact id: '7cf6dc9e16abbbabca36f312f71dcbf8') in 0.008432 seconds
Number of updated asset objects reloaded before import = 0
Number of asset objects unloaded after import = 1
========================================================================
Received Import Request.
  Time since last request: 0.000028 seconds.
  path: Assets/_BasicFaceFilter/Textures/PropsMaterial_Normal_OpenGL.png
  artifactKey: Guid(032e7314e4533d047a394250d09d9e3c) Importer(2089858483,0ecaa5967403d082aa24f35e1b516d23)
Start importing Assets/_BasicFaceFilter/Textures/PropsMaterial_Normal_OpenGL.png using Guid(032e7314e4533d047a394250d09d9e3c) Importer(2089858483,0ecaa5967403d082aa24f35e1b516d23)  -> (artifact id: 'e724d67587afdfcbc55a86e9aafc0232') in 0.090979 seconds
Number of updated asset objects reloaded before import = 0
Number of asset objects unloaded after import = 1
========================================================================
Received Import Request.
  Time since last request: 0.000056 seconds.
  path: Assets/_BasicFaceFilter/Prefabs
  artifactKey: Guid(b71f42f3b9553b9408fd649ecc0e7dc1) Importer(2089858483,0ecaa5967403d082aa24f35e1b516d23)
Start importing Assets/_BasicFaceFilter/Prefabs using Guid(b71f42f3b9553b9408fd649ecc0e7dc1) Importer(2089858483,0ecaa5967403d082aa24f35e1b516d23)  -> (artifact id: '5ff1de9c9e70865516ad74c8a9305f1c') in 0.002880 seconds
Number of updated asset objects reloaded before import = 0
Number of asset objects unloaded after import = 1
========================================================================
Received Import Request.
  Time since last request: 0.000035 seconds.
  path: Assets/_BasicFaceFilter/Animations/Props_CatEars.controller
  artifactKey: Guid(686fe6ff64dc9b54f8d0d950bb9933aa) Importer(2089858483,0ecaa5967403d082aa24f35e1b516d23)
Start importing Assets/_BasicFaceFilter/Animations/Props_CatEars.controller using Guid(686fe6ff64dc9b54f8d0d950bb9933aa) Importer(2089858483,0ecaa5967403d082aa24f35e1b516d23)  -> (artifact id: '0d5f1aaf2e1bfd7562137dca13a120fc') in 0.005176 seconds
Number of updated asset objects reloaded before import = 0
Number of asset objects unloaded after import = 4
========================================================================
Received Import Request.
  Time since last request: 0.000024 seconds.
  path: Assets/_BasicFaceFilter/Particle Effects
  artifactKey: Guid(d24dd4c37f3f561428a091e17f0fd831) Importer(2089858483,0ecaa5967403d082aa24f35e1b516d23)
Start importing Assets/_BasicFaceFilter/Particle Effects using Guid(d24dd4c37f3f561428a091e17f0fd831) Importer(2089858483,0ecaa5967403d082aa24f35e1b516d23)  -> (artifact id: '68d3291991fb6d19d709f380473cb183') in 0.005067 seconds
Number of updated asset objects reloaded before import = 0
Number of asset objects unloaded after import = 1
========================================================================
Received Import Request.
  Time since last request: 0.000025 seconds.
  path: Assets/_BasicFaceFilter/Animations/CatNoseAnimation.anim
  artifactKey: Guid(3eaadd92878769040a18c1f8e29e4c62) Importer(2089858483,0ecaa5967403d082aa24f35e1b516d23)
Start importing Assets/_BasicFaceFilter/Animations/CatNoseAnimation.anim using Guid(3eaadd92878769040a18c1f8e29e4c62) Importer(2089858483,0ecaa5967403d082aa24f35e1b516d23)  -> (artifact id: '36df25bc1e887c753637bde3f6de21bc') in 0.008480 seconds
Number of updated asset objects reloaded before import = 0
Number of asset objects unloaded after import = 1
========================================================================
Received Import Request.
  Time since last request: 0.000041 seconds.
  path: Assets/_BasicFaceFilter/Materials/WispySmoke_Particle.mat
  artifactKey: Guid(686180aab404feb46b7ff6943ca78fcf) Importer(2089858483,0ecaa5967403d082aa24f35e1b516d23)
Start importing Assets/_BasicFaceFilter/Materials/WispySmoke_Particle.mat using Guid(686180aab404feb46b7ff6943ca78fcf) Importer(2089858483,0ecaa5967403d082aa24f35e1b516d23)  -> (artifact id: '4006f97f2de75782a986bda0885c6365') in 0.036651 seconds
Number of updated asset objects reloaded before import = 0
Number of asset objects unloaded after import = 1
========================================================================
Received Import Request.
  Time since last request: 0.000031 seconds.
  path: Assets/_BasicFaceFilter
  artifactKey: Guid(b4b24d21d0e4f414dbe8a7ed5b61e682) Importer(2089858483,0ecaa5967403d082aa24f35e1b516d23)
Start importing Assets/_BasicFaceFilter using Guid(b4b24d21d0e4f414dbe8a7ed5b61e682) Importer(2089858483,0ecaa5967403d082aa24f35e1b516d23)  -> (artifact id: '9bddb712b7d9a059dfa4702424cfa36b') in 0.010880 seconds
Number of updated asset objects reloaded before import = 0
Number of asset objects unloaded after import = 1
========================================================================
Received Import Request.
  Time since last request: 0.000050 seconds.
  path: Assets/_BasicFaceFilter/Meshes/Props_CatEars.fbx
  artifactKey: Guid(0ec72729885335045b3c3b4cd436f890) Importer(2089858483,0ecaa5967403d082aa24f35e1b516d23)
Start importing Assets/_BasicFaceFilter/Meshes/Props_CatEars.fbx using Guid(0ec72729885335045b3c3b4cd436f890) Importer(2089858483,0ecaa5967403d082aa24f35e1b516d23)  -> (artifact id: 'f39fdb5e83b94a8760dd1ac47b477328') in 0.113838 seconds
Number of updated asset objects reloaded before import = 0
Number of asset objects unloaded after import = 16
========================================================================
Received Import Request.
  Time since last request: 0.000069 seconds.
  path: Assets/_BasicFaceFilter/Animations/Props_Moustache.controller
  artifactKey: Guid(5071cf90c26e2604db677f72b5182bdf) Importer(2089858483,0ecaa5967403d082aa24f35e1b516d23)
Start importing Assets/_BasicFaceFilter/Animations/Props_Moustache.controller using Guid(5071cf90c26e2604db677f72b5182bdf) Importer(2089858483,0ecaa5967403d082aa24f35e1b516d23)  -> (artifact id: '887648ad77c56925a4f7b8f4005ccd0e') in 0.020110 seconds
Number of updated asset objects reloaded before import = 0
Number of asset objects unloaded after import = 4
========================================================================
Received Import Request.
  Time since last request: 0.000086 seconds.
  path: Assets/_BasicFaceFilter/Particle Effects/Fire_VFX.prefab
  artifactKey: Guid(b5c43875392269c49beedc9cb1cfc14d) Importer(2089858483,0ecaa5967403d082aa24f35e1b516d23)
Start importing Assets/_BasicFaceFilter/Particle Effects/Fire_VFX.prefab using Guid(b5c43875392269c49beedc9cb1cfc14d) Importer(2089858483,0ecaa5967403d082aa24f35e1b516d23)  -> (artifact id: 'eb57c75e53e0638c298857ce84088579') in 0.006659 seconds
Number of updated asset objects reloaded before import = 0
Number of asset objects unloaded after import = 16
========================================================================
Received Import Request.
  Time since last request: 0.000041 seconds.
  path: Assets/_BasicFaceFilter/Prefabs/Props_GrinningTeeth.prefab
  artifactKey: Guid(ddbe0a16110c98642ac4050ccca8feab) Importer(2089858483,0ecaa5967403d082aa24f35e1b516d23)
Start importing Assets/_BasicFaceFilter/Prefabs/Props_GrinningTeeth.prefab using Guid(ddbe0a16110c98642ac4050ccca8feab) Importer(2089858483,0ecaa5967403d082aa24f35e1b516d23)  -> (artifact id: '0fc10a0cfd40d2daf9dc657f25f67236') in 0.019590 seconds
Number of updated asset objects reloaded before import = 0
Number of asset objects unloaded after import = 8
========================================================================
Received Import Request.
  Time since last request: 0.000064 seconds.
  path: Assets/_BasicFaceFilter/Meshes/Props_Cap.fbx
  artifactKey: Guid(813a3f2165172b34ab909405d61a8232) Importer(2089858483,0ecaa5967403d082aa24f35e1b516d23)
Start importing Assets/_BasicFaceFilter/Meshes/Props_Cap.fbx using Guid(813a3f2165172b34ab909405d61a8232) Importer(2089858483,0ecaa5967403d082aa24f35e1b516d23)  -> (artifact id: '003ff3eea345766184339d1a7008af69') in 0.080622 seconds
Number of updated asset objects reloaded before import = 0
Number of asset objects unloaded after import = 9
========================================================================
Received Import Request.
  Time since last request: 0.000074 seconds.
  path: Assets/_BasicFaceFilter/Animations/minute.anim
  artifactKey: Guid(72081473e43028b4eb5f5a5e377e26a2) Importer(2089858483,0ecaa5967403d082aa24f35e1b516d23)
Start importing Assets/_BasicFaceFilter/Animations/minute.anim using Guid(72081473e43028b4eb5f5a5e377e26a2) Importer(2089858483,0ecaa5967403d082aa24f35e1b516d23)  -> (artifact id: '2c641b172c41b1ce52e2b23326e65514') in 0.006132 seconds
Number of updated asset objects reloaded before import = 0
Number of asset objects unloaded after import = 1
========================================================================
Received Import Request.
  Time since last request: 0.000060 seconds.
  path: Assets/_BasicFaceFilter/Textures/FaceTexture_Waves.png
  artifactKey: Guid(8b395049554bd4f4eb8c2d7b33e77f88) Importer(2089858483,0ecaa5967403d082aa24f35e1b516d23)
Start importing Assets/_BasicFaceFilter/Textures/FaceTexture_Waves.png using Guid(8b395049554bd4f4eb8c2d7b33e77f88) Importer(2089858483,0ecaa5967403d082aa24f35e1b516d23)  -> (artifact id: '6031e4b8c6b9c2920d095e6de741d133') in 0.081734 seconds
Number of updated asset objects reloaded before import = 0
Number of asset objects unloaded after import = 3
========================================================================
Received Import Request.
  Time since last request: 0.000091 seconds.
  path: Assets/_BasicFaceFilter/Textures/CloudFlipbook_8x8.tga
  artifactKey: Guid(7b10a194b83e7904aba6c56e50e09949) Importer(2089858483,0ecaa5967403d082aa24f35e1b516d23)
Start importing Assets/_BasicFaceFilter/Textures/CloudFlipbook_8x8.tga using Guid(7b10a194b83e7904aba6c56e50e09949) Importer(2089858483,0ecaa5967403d082aa24f35e1b516d23)  -> (artifact id: '253fe6b7274783792c1be11beeed0e8f') in 0.046277 seconds
Number of updated asset objects reloaded before import = 0
Number of asset objects unloaded after import = 1
========================================================================
Received Import Request.
  Time since last request: 0.000124 seconds.
  path: Assets/_BasicFaceFilter/Animations/GrinningTeethAnimation.anim
  artifactKey: Guid(af21aa71c99f9694b8847e95b36798bf) Importer(2089858483,0ecaa5967403d082aa24f35e1b516d23)
Start importing Assets/_BasicFaceFilter/Animations/GrinningTeethAnimation.anim using Guid(af21aa71c99f9694b8847e95b36798bf) Importer(2089858483,0ecaa5967403d082aa24f35e1b516d23)  -> (artifact id: 'e397ab513fcf8f08e9145dc96c23142b') in 0.008490 seconds
Number of updated asset objects reloaded before import = 0
Number of asset objects unloaded after import = 1
========================================================================
Received Import Request.
  Time since last request: 0.000045 seconds.
  path: Assets/_BasicFaceFilter/Textures/PropsMaterial_Base_color.png
  artifactKey: Guid(f1aa3fcb5551b0142ae8f3fdf8c48125) Importer(2089858483,0ecaa5967403d082aa24f35e1b516d23)
Start importing Assets/_BasicFaceFilter/Textures/PropsMaterial_Base_color.png using Guid(f1aa3fcb5551b0142ae8f3fdf8c48125) Importer(2089858483,0ecaa5967403d082aa24f35e1b516d23)  -> (artifact id: 'b43456697d70cfca25a7260fab0eb26a') in 0.073131 seconds
Number of updated asset objects reloaded before import = 0
Number of asset objects unloaded after import = 1
========================================================================
Received Import Request.
  Time since last request: 0.000072 seconds.
  path: Assets/_BasicFaceFilter/Animations
  artifactKey: Guid(1af0b9744093e0943a254f0313cc521d) Importer(2089858483,0ecaa5967403d082aa24f35e1b516d23)
Start importing Assets/_BasicFaceFilter/Animations using Guid(1af0b9744093e0943a254f0313cc521d) Importer(2089858483,0ecaa5967403d082aa24f35e1b516d23)  -> (artifact id: 'c65bf2bea78a58cca4c3e7615d3e46d8') in 0.008064 seconds
Number of updated asset objects reloaded before import = 0
Number of asset objects unloaded after import = 1
========================================================================
Received Import Request.
  Time since last request: 0.000083 seconds.
  path: Assets/_BasicFaceFilter/Prefabs/Props_Horns.prefab
  artifactKey: Guid(0cf6f8839032dd44da3842a706ab9963) Importer(2089858483,0ecaa5967403d082aa24f35e1b516d23)
Start importing Assets/_BasicFaceFilter/Prefabs/Props_Horns.prefab using Guid(0cf6f8839032dd44da3842a706ab9963) Importer(2089858483,0ecaa5967403d082aa24f35e1b516d23)  -> (artifact id: 'dbd1a0c89c993fe22508a853a271ce96') in 0.040794 seconds
Number of updated asset objects reloaded before import = 0
Number of asset objects unloaded after import = 8
========================================================================
Received Import Request.
  Time since last request: 0.000025 seconds.
  path: Assets/_BasicFaceFilter/Animations/Props_HiHat.controller
  artifactKey: Guid(cf8a9afde8adeef4286619d9f39d70a2) Importer(2089858483,0ecaa5967403d082aa24f35e1b516d23)
Start importing Assets/_BasicFaceFilter/Animations/Props_HiHat.controller using Guid(cf8a9afde8adeef4286619d9f39d70a2) Importer(2089858483,0ecaa5967403d082aa24f35e1b516d23)  -> (artifact id: 'fd07d2f6c55111322b1312e00774fd79') in 0.005453 seconds
Number of updated asset objects reloaded before import = 0
Number of asset objects unloaded after import = 4
========================================================================
Received Import Request.
  Time since last request: 0.000022 seconds.
  path: Assets/_BasicFaceFilter/Animations/CatEarLeft.controller
  artifactKey: Guid(799d2dc51cb50ae419b043a45fe9d947) Importer(2089858483,0ecaa5967403d082aa24f35e1b516d23)
Start importing Assets/_BasicFaceFilter/Animations/CatEarLeft.controller using Guid(799d2dc51cb50ae419b043a45fe9d947) Importer(2089858483,0ecaa5967403d082aa24f35e1b516d23)  -> (artifact id: 'ee4a3733e440963a38fd3c3d71e34870') in 0.003570 seconds
Number of updated asset objects reloaded before import = 0
Number of asset objects unloaded after import = 2
========================================================================
Received Import Request.
  Time since last request: 0.000014 seconds.
  path: Assets/_BasicFaceFilter/Materials/Magic_Particle.mat
  artifactKey: Guid(6f676922a6fb04d4685159a57d04faf9) Importer(2089858483,0ecaa5967403d082aa24f35e1b516d23)
Start importing Assets/_BasicFaceFilter/Materials/Magic_Particle.mat using Guid(6f676922a6fb04d4685159a57d04faf9) Importer(2089858483,0ecaa5967403d082aa24f35e1b516d23)  -> (artifact id: '9a0db481cceda60eb31137e1a45f8e63') in 0.006043 seconds
Number of updated asset objects reloaded before import = 0
Number of asset objects unloaded after import = 1
========================================================================
Received Import Request.
  Time since last request: 0.000019 seconds.
  path: Assets/_BasicFaceFilter/Textures/FaceTexture_Leaves.png
  artifactKey: Guid(4630bb32499feea4cac9c36db31f8780) Importer(2089858483,0ecaa5967403d082aa24f35e1b516d23)
Start importing Assets/_BasicFaceFilter/Textures/FaceTexture_Leaves.png using Guid(4630bb32499feea4cac9c36db31f8780) Importer(2089858483,0ecaa5967403d082aa24f35e1b516d23)  -> (artifact id: 'd6163193d7988a6742ad2b10431538c5') in 0.050446 seconds
Number of updated asset objects reloaded before import = 0
Number of asset objects unloaded after import = 3
========================================================================
Received Import Request.
  Time since last request: 0.000025 seconds.
  path: Assets/_BasicFaceFilter/Animations/CrazyEyesAnimation.anim
  artifactKey: Guid(c80e4beef04a93144b993bd735c65678) Importer(2089858483,0ecaa5967403d082aa24f35e1b516d23)
Start importing Assets/_BasicFaceFilter/Animations/CrazyEyesAnimation.anim using Guid(c80e4beef04a93144b993bd735c65678) Importer(2089858483,0ecaa5967403d082aa24f35e1b516d23)  -> (artifact id: 'cfec4e460d1a119275f35704025f119b') in 0.013086 seconds
Number of updated asset objects reloaded before import = 0
Number of asset objects unloaded after import = 1
========================================================================
Received Import Request.
  Time since last request: 0.000091 seconds.
  path: Assets/_BasicFaceFilter/Materials/FaceTemplate.mat
  artifactKey: Guid(94bc970bc540594418da619b8dae2df3) Importer(2089858483,0ecaa5967403d082aa24f35e1b516d23)
Start importing Assets/_BasicFaceFilter/Materials/FaceTemplate.mat using Guid(94bc970bc540594418da619b8dae2df3) Importer(2089858483,0ecaa5967403d082aa24f35e1b516d23)  -> (artifact id: '8846dc8a61c900db8589eb366ddcd15a') in 0.008185 seconds
Number of updated asset objects reloaded before import = 0
Number of asset objects unloaded after import = 1
========================================================================
Received Import Request.
  Time since last request: 0.000026 seconds.
  path: Assets/_BasicFaceFilter/Meshes/Face_Reference_Mesh.fbx
  artifactKey: Guid(0a840f06779b2ea45a882b3c57b12fb7) Importer(2089858483,0ecaa5967403d082aa24f35e1b516d23)
Start importing Assets/_BasicFaceFilter/Meshes/Face_Reference_Mesh.fbx using Guid(0a840f06779b2ea45a882b3c57b12fb7) Importer(2089858483,0ecaa5967403d082aa24f35e1b516d23)  -> (artifact id: 'b3191bbf51507c3629e2ed7b9e404544') in 0.038012 seconds
Number of updated asset objects reloaded before import = 0
Number of asset objects unloaded after import = 17
========================================================================
Received Import Request.
  Time since last request: 0.000029 seconds.
  path: Assets/_BasicFaceFilter/Animations/HornsAnimation.anim
  artifactKey: Guid(c2763504f1e7ef7439e431853fe2f842) Importer(2089858483,0ecaa5967403d082aa24f35e1b516d23)
Start importing Assets/_BasicFaceFilter/Animations/HornsAnimation.anim using Guid(c2763504f1e7ef7439e431853fe2f842) Importer(2089858483,0ecaa5967403d082aa24f35e1b516d23)  -> (artifact id: '33c033034137f16c4db654826b35b22b') in 0.012627 seconds
Number of updated asset objects reloaded before import = 0
Number of asset objects unloaded after import = 1
========================================================================
Received Import Request.
  Time since last request: 0.000047 seconds.
  path: Assets/_BasicFaceFilter/Textures/Flame1Flipbook_16x5.tga
  artifactKey: Guid(bbeeed99be399034c8546efc7fe4f328) Importer(2089858483,0ecaa5967403d082aa24f35e1b516d23)
Start importing Assets/_BasicFaceFilter/Textures/Flame1Flipbook_16x5.tga using Guid(bbeeed99be399034c8546efc7fe4f328) Importer(2089858483,0ecaa5967403d082aa24f35e1b516d23)  -> (artifact id: 'b8aed2e1af32415020a8e567a57bef60') in 0.053095 seconds
Number of updated asset objects reloaded before import = 0
Number of asset objects unloaded after import = 1
========================================================================
Received Import Request.
  Time since last request: 0.000045 seconds.
  path: Assets/_BasicFaceFilter/Animations/Props_GoblinEars.controller
  artifactKey: Guid(4911c9cc34c05f7439522688884edc27) Importer(2089858483,0ecaa5967403d082aa24f35e1b516d23)
Start importing Assets/_BasicFaceFilter/Animations/Props_GoblinEars.controller using Guid(4911c9cc34c05f7439522688884edc27) Importer(2089858483,0ecaa5967403d082aa24f35e1b516d23)  -> (artifact id: '541ed03f2299fd960d14d34e78c85bf3') in 0.011874 seconds
Number of updated asset objects reloaded before import = 0
Number of asset objects unloaded after import = 4
========================================================================
Received Import Request.
  Time since last request: 0.000060 seconds.
  path: Assets/_BasicFaceFilter/Materials/Flame1_Particle.mat
  artifactKey: Guid(8ea66f8123460894c966b178627e9318) Importer(2089858483,0ecaa5967403d082aa24f35e1b516d23)
Start importing Assets/_BasicFaceFilter/Materials/Flame1_Particle.mat using Guid(8ea66f8123460894c966b178627e9318) Importer(2089858483,0ecaa5967403d082aa24f35e1b516d23)  -> (artifact id: '7bdf6ca5ada1a2ab9fa57988ace02c07') in 0.009839 seconds
Number of updated asset objects reloaded before import = 0
Number of asset objects unloaded after import = 1
========================================================================
Received Import Request.
  Time since last request: 0.000081 seconds.
  path: Assets/_BasicFaceFilter/Textures/PropsMaterial_Metallic.png
  artifactKey: Guid(86c9b1ce0ba5ef34cb7155ae617a0726) Importer(2089858483,0ecaa5967403d082aa24f35e1b516d23)
Start importing Assets/_BasicFaceFilter/Textures/PropsMaterial_Metallic.png using Guid(86c9b1ce0ba5ef34cb7155ae617a0726) Importer(2089858483,0ecaa5967403d082aa24f35e1b516d23)  -> (artifact id: '473b7488e1e76d449157e6397c815cde') in 0.063996 seconds
Number of updated asset objects reloaded before import = 0
Number of asset objects unloaded after import = 1
========================================================================
Received Import Request.
  Time since last request: 47.865571 seconds.
  path: Assets/3dmodels/t-shirrrrt.fbx
  artifactKey: Guid(5fef209eaea7fe5449ee9c1595c33c7b) Importer(2089858483,0ecaa5967403d082aa24f35e1b516d23)
Start importing Assets/3dmodels/t-shirrrrt.fbx using Guid(5fef209eaea7fe5449ee9c1595c33c7b) Importer(2089858483,0ecaa5967403d082aa24f35e1b516d23)  -> (artifact id: 'bf36c31e91cfc793c9e153513d988113') in 0.054215 seconds
Number of updated asset objects reloaded before import = 0
Number of asset objects unloaded after import = 55
========================================================================
Received Import Request.
  Time since last request: 11.434411 seconds.
  path: Assets/markers/bmv.jpg
  artifactKey: Guid(794b258f650032747b2eb0b9d03387ee) Importer(815301076,1909f56bfc062723c751e8b465ee728b)
Start importing Assets/markers/bmv.jpg using Guid(794b258f650032747b2eb0b9d03387ee) Importer(815301076,1909f56bfc062723c751e8b465ee728b)  -> (artifact id: 'ebbe941052427cd1b549f0f765b21ab7') in 0.098583 seconds
Number of updated asset objects reloaded before import = 0
Number of asset objects unloaded after import = 2
========================================================================
Received Import Request.
  Time since last request: 0.000022 seconds.
  path: Assets/markers/square.jpg
  artifactKey: Guid(01cb0d3153127b548adb478979a8c28f) Importer(815301076,1909f56bfc062723c751e8b465ee728b)
Start importing Assets/markers/square.jpg using Guid(01cb0d3153127b548adb478979a8c28f) Importer(815301076,1909f56bfc062723c751e8b465ee728b)  -> (artifact id: '7655d082df4b64ca2e06c26ae9849f7e') in 0.068469 seconds
Number of updated asset objects reloaded before import = 0
Number of asset objects unloaded after import = 2
========================================================================
Received Import Request.
  Time since last request: 0.000210 seconds.
  path: Assets/markers/phone.jpg
  artifactKey: Guid(0574b3663cab1874398883ad2717eb1a) Importer(815301076,1909f56bfc062723c751e8b465ee728b)
Start importing Assets/markers/phone.jpg using Guid(0574b3663cab1874398883ad2717eb1a) Importer(815301076,1909f56bfc062723c751e8b465ee728b)  -> (artifact id: '9e5bf47ffa1d8dc8e8159067bbacf610') in 0.134619 seconds
Number of updated asset objects reloaded before import = 0
Number of asset objects unloaded after import = 2
========================================================================
Received Import Request.
  Time since last request: 0.102317 seconds.
  path: Assets/Editor/Vuforia/ImageTargetTextures/FeetingRoom/1_scaled.jpg
  artifactKey: Guid(6f3a9021223b49a3875e6257482dcacb) Importer(815301076,1909f56bfc062723c751e8b465ee728b)
Start importing Assets/Editor/Vuforia/ImageTargetTextures/FeetingRoom/1_scaled.jpg using Guid(6f3a9021223b49a3875e6257482dcacb) Importer(815301076,1909f56bfc062723c751e8b465ee728b)  -> (artifact id: 'd0df1ab585eb175af1eebec5d164941b') in 0.030780 seconds
Number of updated asset objects reloaded before import = 0
Number of asset objects unloaded after import = 2
========================================================================
Received Import Request.
  Time since last request: 0.000057 seconds.
  path: Assets/Editor/Vuforia/ImageTargetTextures/FeetingRoom/img_20240610_105553_519_scaled.jpg
  artifactKey: Guid(75ccde03e2994a2bb1a31b17cedfac22) Importer(815301076,1909f56bfc062723c751e8b465ee728b)
Start importing Assets/Editor/Vuforia/ImageTargetTextures/FeetingRoom/img_20240610_105553_519_scaled.jpg using Guid(75ccde03e2994a2bb1a31b17cedfac22) Importer(815301076,1909f56bfc062723c751e8b465ee728b)  -> (artifact id: 'cfd1c4abcdbdd5eaf98b2af63a1836dc') in 0.030203 seconds
Number of updated asset objects reloaded before import = 0
Number of asset objects unloaded after import = 2
========================================================================
Received Import Request.
  Time since last request: 0.514054 seconds.
  path: Assets/3dmodels/t-shirrrrt.fbx
  artifactKey: Guid(5fef209eaea7fe5449ee9c1595c33c7b) Importer(815301076,1909f56bfc062723c751e8b465ee728b)
Start importing Assets/3dmodels/t-shirrrrt.fbx using Guid(5fef209eaea7fe5449ee9c1595c33c7b) Importer(815301076,1909f56bfc062723c751e8b465ee728b)  -> (artifact id: '5e80a44129cffc972a0e4f5baac4ffbb') in 0.270906 seconds
Number of updated asset objects reloaded before import = 0
Number of asset objects unloaded after import = 55
========================================================================
Received Prepare
Refreshing native plugins compatible for Editor in 17.43 ms, found 14 plugins.
Preloading 2 native plugins for Editor in 0.08 ms.
Unloading 10 Unused Serialized files (Serialized files now loaded: 0)
Unloading 11 unused Assets / (1.3 MB). Loaded Objects now: 5468.
Memory consumption went from 93.5 MB to 92.3 MB.
Total: 10.747300 ms (FindLiveObjects: 0.859000 ms CreateObjectMapping: 0.719100 ms MarkObjects: 8.586900 ms  DeleteObjects: 0.581100 ms)

Prepare: number of updated asset objects reloaded= 0
AssetImportParameters requested are different than current active one (requested -> active):
  custom:container-demuxer-ogg: 62fdf1f143b41e24485cea50d1cbac27 -> 
  custom:video-decoder-ogg-theora: a1e56fd34408186e4bbccfd4996cb3dc -> 
  custom:framework-win-MediaFoundation: 216162199b28c13a410421893ffa2e32 -> 
  custom:CustomObjectIndexerAttribute: 756ad292c208cfabdd7b50bc23989ffe -> 
  custom:container-demuxer-webm: 4f35f7cbe854078d1ac9338744f61a02 -> 
  custom:container-muxer-webm: aa71ff27fc2769a1b78a27578f13a17b -> 
  custom:video-decoder-webm-vp8: 9c59270c3fd7afecdb556c50c9e8de78 -> 
  custom:SearchIndexIgnoredProperties: e643bd26f0fe6173181afceb89e7c659 -> 
  custom:AudioImporter_EditorPlatform: d09bf68614088b80899f8185d706f6e7 -> 
  custom:video-encoder-webm-vp8: eb34c28f22e8b96e1ab97ce403110664 -> 
  custom:audio-decoder-ogg-vorbis: bf7c407c2cedff20999df2af8eb42d56 -> 
  custom:audio-encoder-webm-vorbis: bf7c407c2cedff20999df2af8eb42d56 -> 
========================================================================
Received Prepare
Refreshing native plugins compatible for Editor in 13.40 ms, found 14 plugins.
Preloading 2 native plugins for Editor in 0.05 ms.
Unloading 11 Unused Serialized files (Serialized files now loaded: 0)
Unloading 11 unused Assets / (1.3 MB). Loaded Objects now: 5468.
Memory consumption went from 93.8 MB to 92.5 MB.
Total: 5.966400 ms (FindLiveObjects: 0.409300 ms CreateObjectMapping: 0.384400 ms MarkObjects: 4.525500 ms  DeleteObjects: 0.646300 ms)

Prepare: number of updated asset objects reloaded= 0
AssetImportParameters requested are different than current active one (requested -> active):
  graphicsApiMask: 2048 -> 2099200
  custom:container-demuxer-ogg: 62fdf1f143b41e24485cea50d1cbac27 -> 
  custom:video-decoder-ogg-theora: a1e56fd34408186e4bbccfd4996cb3dc -> 
  custom:framework-win-MediaFoundation: 216162199b28c13a410421893ffa2e32 -> 
  custom:CustomObjectIndexerAttribute: 756ad292c208cfabdd7b50bc23989ffe -> 
  custom:container-demuxer-webm: 4f35f7cbe854078d1ac9338744f61a02 -> 
  custom:container-muxer-webm: aa71ff27fc2769a1b78a27578f13a17b -> 
  custom:video-decoder-webm-vp8: 9c59270c3fd7afecdb556c50c9e8de78 -> 
  custom:SearchIndexIgnoredProperties: e643bd26f0fe6173181afceb89e7c659 -> 
  custom:AudioImporter_EditorPlatform: d09bf68614088b80899f8185d706f6e7 -> 
  custom:video-encoder-webm-vp8: eb34c28f22e8b96e1ab97ce403110664 -> 
  custom:audio-decoder-ogg-vorbis: bf7c407c2cedff20999df2af8eb42d56 -> 
  custom:audio-encoder-webm-vorbis: bf7c407c2cedff20999df2af8eb42d56 -> 
========================================================================
Received Import Request.
  Time since last request: 797.021097 seconds.
  path: Assets/Scenes/SampleScene.unity
  artifactKey: Guid(9fc0d4010bbf28b4594072e72b8655ab) Importer(2089858483,0ecaa5967403d082aa24f35e1b516d23)
Start importing Assets/Scenes/SampleScene.unity using Guid(9fc0d4010bbf28b4594072e72b8655ab) Importer(2089858483,0ecaa5967403d082aa24f35e1b516d23)  -> (artifact id: 'a6fec1ba886ebb0917be6503ef4c3c02') in 0.008884 seconds
Number of updated asset objects reloaded before import = 0
Number of asset objects unloaded after import = 1
